  main.cpp
C:\Users\saran\Documents\Assignment0\Assignment0\main.cpp(209,22): warning C4244: 'initializing': conversion from 'double' to 'float', possible loss of data
C:\Users\saran\Documents\Assignment0\Assignment0\main.cpp(240,54): warning C4267: 'argument': conversion from 'size_t' to 'GLsizei', possible loss of data
C:\Users\saran\Documents\Assignment0\Assignment0\main.cpp(299,11): warning C4244: '=': conversion from 'double' to 'float', possible loss of data
C:\Users\saran\Documents\Assignment0\Assignment0\main.cpp(300,11): warning C4244: '=': conversion from 'double' to 'float', possible loss of data
C:\Users\saran\Documents\Assignment0\Assignment0\main.cpp(304,16): warning C4244: 'initializing': conversion from 'double' to 'float', possible loss of data
C:\Users\saran\Documents\Assignment0\Assignment0\main.cpp(305,16): warning C4244: 'initializing': conversion from 'double' to 'float', possible loss of data
C:\Users\saran\Documents\Assignment0\Assignment0\main.cpp(307,10): warning C4244: '=': conversion from 'double' to 'float', possible loss of data
C:\Users\saran\Documents\Assignment0\Assignment0\main.cpp(308,10): warning C4244: '=': conversion from 'double' to 'float', possible loss of data
C:\Users\saran\Documents\Assignment0\Assignment0\main.cpp(319,28): warning C4244: 'argument': conversion from 'double' to 'float', possible loss of data
LINK : warning LNK4098: defaultlib 'LIBCMT' conflicts with use of other libs; use /NODEFAULTLIB:library
  Generating code
  60 of 1762 functions ( 3.4%) were compiled, the rest were copied from previous compilation.
    48 functions were new in current compilation
    22 functions had inline decision re-evaluated but remain unchanged
  Finished generating code
LINK : warning LNK4286: symbol '__glewLinkProgram' defined in 'glew32s.lib(glew.obj)' is imported by 'Shader.obj'
LINK : warning LNK4286: symbol '__glewDeleteShader' defined in 'glew32s.lib(glew.obj)' is imported by 'Shader.obj'
LINK : warning LNK4286: symbol '__glewUniform3f' defined in 'glew32s.lib(glew.obj)' is imported by 'Shader.obj'
LINK : warning LNK4286: symbol '__glewGetProgramInfoLog' defined in 'glew32s.lib(glew.obj)' is imported by 'Shader.obj'
LINK : warning LNK4286: symbol '__glewUniformMatrix4fv' defined in 'glew32s.lib(glew.obj)' is imported by 'Shader.obj'
LINK : warning LNK4286: symbol '__glewShaderSource' defined in 'glew32s.lib(glew.obj)' is imported by 'Shader.obj'
LINK : warning LNK4286: symbol '__glewAttachShader' defined in 'glew32s.lib(glew.obj)' is imported by 'Shader.obj'
LINK : warning LNK4286: symbol '__glewGetUniformLocation' defined in 'glew32s.lib(glew.obj)' is imported by 'Shader.obj'
LINK : warning LNK4286: symbol '__glewUniform1f' defined in 'glew32s.lib(glew.obj)' is imported by 'Shader.obj'
LINK : warning LNK4286: symbol '__glewGetProgramiv' defined in 'glew32s.lib(glew.obj)' is imported by 'Shader.obj'
LINK : warning LNK4286: symbol '__glewGetShaderInfoLog' defined in 'glew32s.lib(glew.obj)' is imported by 'Shader.obj'
LINK : warning LNK4286: symbol '__glewUniform1i' defined in 'glew32s.lib(glew.obj)' is imported by 'Shader.obj'
LINK : warning LNK4286: symbol '__glewCreateProgram' defined in 'glew32s.lib(glew.obj)' is imported by 'Shader.obj'
LINK : warning LNK4286: symbol '__glewCreateShader' defined in 'glew32s.lib(glew.obj)' is imported by 'Shader.obj'
LINK : warning LNK4286: symbol '__glewCompileShader' defined in 'glew32s.lib(glew.obj)' is imported by 'Shader.obj'
LINK : warning LNK4286: symbol '__glewGetShaderiv' defined in 'glew32s.lib(glew.obj)' is imported by 'Shader.obj'
LINK : warning LNK4286: symbol '__glewUseProgram' defined in 'glew32s.lib(glew.obj)' is imported by 'Shader.obj'
glew32s.lib(glew.obj) : warning LNK4099: PDB 'vc120.pdb' was not found with 'glew32s.lib(glew.obj)' or at 'C:\Users\saran\Documents\Assignment0\x64\Release\vc120.pdb'; linking object as if no debug info
  Assignment0.vcxproj -> C:\Users\saran\Documents\Assignment0\x64\Release\Assignment0.exe
